<?xml version="1.0" encoding="UTF-8"?>
<testng-results ignored="0" total="1" passed="0" failed="1" skipped="0">
  <reporter-output>
  </reporter-output>
  <suite started-at="2025-01-25T00:43:32 IST" name="Default suite" finished-at="2025-01-25T00:44:37 IST" duration-ms="64981">
    <groups>
    </groups>
    <test started-at="2025-01-25T00:43:32 IST" name="Default test" finished-at="2025-01-25T00:44:37 IST" duration-ms="64981">
      <class name="sZephyr_testcases.End_to_End_Flow">
        <test-method is-config="true" signature="beforeSuite()[pri:0, instance:sZephyr_testcases.End_to_End_Flow@a8ef162]" started-at="2025-01-25T00:43:31 IST" name="beforeSuite" finished-at="2025-01-25T00:43:32 IST" duration-ms="832" status="PASS">
          <reporter-output>
          </reporter-output>
        </test-method> <!-- beforeSuite -->
        <test-method is-config="true" signature="beforeTest()[pri:0, instance:sZephyr_testcases.End_to_End_Flow@a8ef162]" started-at="2025-01-25T00:43:32 IST" name="beforeTest" finished-at="2025-01-25T00:43:32 IST" duration-ms="1" status="PASS">
          <reporter-output>
          </reporter-output>
        </test-method> <!-- beforeTest -->
        <test-method is-config="true" signature="startTestCase()[pri:0, instance:sZephyr_testcases.End_to_End_Flow@a8ef162]" started-at="2025-01-25T00:43:32 IST" name="startTestCase" finished-at="2025-01-25T00:43:32 IST" duration-ms="1" status="PASS">
          <reporter-output>
          </reporter-output>
        </test-method> <!-- startTestCase -->
        <test-method is-config="true" signature="beforeMethod()[pri:0, instance:sZephyr_testcases.End_to_End_Flow@a8ef162]" started-at="2025-01-25T00:43:32 IST" name="beforeMethod" finished-at="2025-01-25T00:43:32 IST" duration-ms="17" status="PASS">
          <reporter-output>
          </reporter-output>
        </test-method> <!-- beforeMethod -->
        <test-method signature="homePageUICheck()[pri:0, instance:sZephyr_testcases.End_to_End_Flow@a8ef162]" started-at="2025-01-25T00:43:32 IST" name="homePageUICheck" finished-at="2025-01-25T00:44:34 IST" duration-ms="61794" status="FAIL">
          <exception class="java.lang.RuntimeException">
            <message>
              <![CDATA[FAILED]]>
            </message>
            <full-stacktrace>
              <![CDATA[java.lang.RuntimeException: FAILED
at utils.Reporter.reportStep(Reporter.java:50)
at wrappers.GenericWrappers.fail(GenericWrappers.java:1006)
at sZephyr_testcases.End_to_End_Flow.homePageUICheck(End_to_End_Flow.java:197)
at java.base/jdk.internal.reflect.NativeMethodAccessorImpl.invoke0(Native Method)
at java.base/jdk.internal.reflect.NativeMethodAccessorImpl.invoke(NativeMethodAccessorImpl.java:77)
at java.base/jdk.internal.reflect.DelegatingMethodAccessorImpl.invoke(DelegatingMethodAccessorImpl.java:43)
at java.base/java.lang.reflect.Method.invoke(Method.java:568)
at org.testng.internal.invokers.MethodInvocationHelper.invokeMethod(MethodInvocationHelper.java:139)
at org.testng.internal.invokers.TestInvoker.invokeMethod(TestInvoker.java:664)
at org.testng.internal.invokers.TestInvoker.invokeTestMethod(TestInvoker.java:228)
at org.testng.internal.invokers.MethodRunner.runInSequence(MethodRunner.java:63)
at org.testng.internal.invokers.TestInvoker$MethodInvocationAgent.invoke(TestInvoker.java:961)
at org.testng.internal.invokers.TestInvoker.invokeTestMethods(TestInvoker.java:201)
at org.testng.internal.invokers.TestMethodWorker.invokeTestMethods(TestMethodWorker.java:148)
at org.testng.internal.invokers.TestMethodWorker.run(TestMethodWorker.java:128)
at java.base/java.util.ArrayList.forEach(ArrayList.java:1511)
at org.testng.TestRunner.privateRun(TestRunner.java:819)
at org.testng.TestRunner.run(TestRunner.java:619)
at org.testng.SuiteRunner.runTest(SuiteRunner.java:443)
at org.testng.SuiteRunner.runSequentially(SuiteRunner.java:437)
at org.testng.SuiteRunner.privateRun(SuiteRunner.java:397)
at org.testng.SuiteRunner.run(SuiteRunner.java:336)
at org.testng.SuiteRunnerWorker.runSuite(SuiteRunnerWorker.java:52)
at org.testng.SuiteRunnerWorker.run(SuiteRunnerWorker.java:95)
at org.testng.TestNG.runSuitesSequentially(TestNG.java:1301)
at org.testng.TestNG.runSuitesLocally(TestNG.java:1228)
at org.testng.TestNG.runSuites(TestNG.java:1134)
at org.testng.TestNG.run(TestNG.java:1101)
at org.testng.remote.AbstractRemoteTestNG.run(AbstractRemoteTestNG.java:115)
at org.testng.remote.RemoteTestNG.initAndRun(RemoteTestNG.java:293)
at org.testng.remote.RemoteTestNG.main(RemoteTestNG.java:91)
]]>
            </full-stacktrace>
          </exception> <!-- java.lang.RuntimeException -->
          <reporter-output>
          </reporter-output>
        </test-method> <!-- homePageUICheck -->
        <test-method is-config="true" signature="afterMethod()[pri:0, instance:sZephyr_testcases.End_to_End_Flow@a8ef162]" started-at="2025-01-25T00:44:34 IST" name="afterMethod" finished-at="2025-01-25T00:44:37 IST" duration-ms="3072" status="PASS">
          <reporter-output>
          </reporter-output>
        </test-method> <!-- afterMethod -->
        <test-method is-config="true" signature="afterTest()[pri:0, instance:sZephyr_testcases.End_to_End_Flow@a8ef162]" started-at="2025-01-25T00:44:37 IST" name="afterTest" finished-at="2025-01-25T00:44:37 IST" duration-ms="1" status="PASS">
          <reporter-output>
          </reporter-output>
        </test-method> <!-- afterTest -->
        <test-method is-config="true" signature="afterSuite()[pri:0, instance:sZephyr_testcases.End_to_End_Flow@a8ef162]" started-at="2025-01-25T00:44:37 IST" name="afterSuite" finished-at="2025-01-25T00:44:38 IST" duration-ms="800" status="PASS">
          <reporter-output>
          </reporter-output>
        </test-method> <!-- afterSuite -->
      </class> <!-- sZephyr_testcases.End_to_End_Flow -->
    </test> <!-- Default test -->
  </suite> <!-- Default suite -->
</testng-results>
